<?xml version="1.0" encoding="UTF-8"?>
<testng-results skipped="0" failed="0" total="1" passed="1">
  <reporter-output>
  </reporter-output>
  <suite name="com.testing.MavenWindowsGit.TestScripts" duration-ms="20674" started-at="2018-04-16T00:34:12Z" finished-at="2018-04-16T00:34:33Z">
    <groups>
    </groups>
    <test name="Command line test" duration-ms="20674" started-at="2018-04-16T00:34:12Z" finished-at="2018-04-16T00:34:33Z">
      <class name="com.testing.MavenWindowsGit.TestScripts">
        <test-method status="PASS" signature="beforeMethod()[pri:0, instance:com.testing.MavenWindowsGit.TestScripts@153f5a29]" name="beforeMethod" is-config="true" duration-ms="3481" started-at="2018-04-15T17:34:12Z" finished-at="2018-04-15T17:34:16Z">
          <reporter-output>
          </reporter-output>
        </test-method> <!-- beforeMethod -->
        <test-method status="PASS" signature="Login_SFDC_02()[pri:0, instance:com.testing.MavenWindowsGit.TestScripts@153f5a29]" name="Login_SFDC_02" duration-ms="15061" started-at="2018-04-15T17:34:16Z" finished-at="2018-04-15T17:34:31Z">
          <reporter-output>
          </reporter-output>
        </test-method> <!-- Login_SFDC_02 -->
        <test-method status="PASS" signature="afterMethod()[pri:0, instance:com.testing.MavenWindowsGit.TestScripts@153f5a29]" name="afterMethod" is-config="true" duration-ms="2101" started-at="2018-04-15T17:34:31Z" finished-at="2018-04-15T17:34:33Z">
          <reporter-output>
          </reporter-output>
        </test-method> <!-- afterMethod -->
      </class> <!-- com.testing.MavenWindowsGit.TestScripts -->
    </test> <!-- Command line test -->
  </suite> <!-- com.testing.MavenWindowsGit.TestScripts -->
</testng-results>
